{"/Users/bruno/Dev/cursos/rocketseat/ignite/reactNative/gofinances/src/components/Form/Button/index.tsx": {"path":"/Users/bruno/Dev/cursos/rocketseat/ignite/reactNative/gofinances/src/components/Form/Button/index.tsx","statementMap":{"0":{"start":{"line":12,"column":2},"end":{"line":16,"column":4}}},"fnMap":{"0":{"name":"Button","decl":{"start":{"line":11,"column":9},"end":{"line":11,"column":15}},"loc":{"start":{"line":11,"column":52},"end":{"line":17,"column":1}},"line":11}},"branchMap":{},"s":{"0":4},"f":{"0":4},"b":{},"_coverageSchema":"1a1c01bbd47fc00a2c39e90264f33305004495a9","hash":"2a5e9cd6c088277ee7ae7562314c5e033af03799"}
,"/Users/bruno/Dev/cursos/rocketseat/ignite/reactNative/gofinances/src/components/Form/CategorySelectButton/index.tsx": {"path":"/Users/bruno/Dev/cursos/rocketseat/ignite/reactNative/gofinances/src/components/Form/CategorySelectButton/index.tsx","statementMap":{"0":{"start":{"line":12,"column":2},"end":{"line":17,"column":4}}},"fnMap":{"0":{"name":"CategorySelectButton","decl":{"start":{"line":11,"column":9},"end":{"line":11,"column":29}},"loc":{"start":{"line":11,"column":65},"end":{"line":18,"column":1}},"line":11}},"branchMap":{},"s":{"0":2},"f":{"0":2},"b":{},"_coverageSchema":"1a1c01bbd47fc00a2c39e90264f33305004495a9","hash":"75773bc4abbe4d4a9a8f8e2c5caf2b290546a359"}
,"/Users/bruno/Dev/cursos/rocketseat/ignite/reactNative/gofinances/src/components/Form/Input/index.tsx": {"path":"/Users/bruno/Dev/cursos/rocketseat/ignite/reactNative/gofinances/src/components/Form/Input/index.tsx","statementMap":{"0":{"start":{"line":11,"column":2},"end":{"line":11,"column":49}}},"fnMap":{"0":{"name":"Input","decl":{"start":{"line":10,"column":9},"end":{"line":10,"column":14}},"loc":{"start":{"line":10,"column":51},"end":{"line":12,"column":1}},"line":10}},"branchMap":{"0":{"loc":{"start":{"line":10,"column":17},"end":{"line":10,"column":31}},"type":"default-arg","locations":[{"start":{"line":10,"column":26},"end":{"line":10,"column":31}}],"line":10}},"s":{"0":5},"f":{"0":5},"b":{"0":[4]},"_coverageSchema":"1a1c01bbd47fc00a2c39e90264f33305004495a9","hash":"a60bdfd0b8502ac8534e82a521f210671879ba89"}
,"/Users/bruno/Dev/cursos/rocketseat/ignite/reactNative/gofinances/src/components/Form/InputForm/index.tsx": {"path":"/Users/bruno/Dev/cursos/rocketseat/ignite/reactNative/gofinances/src/components/Form/InputForm/index.tsx","statementMap":{"0":{"start":{"line":16,"column":2},"end":{"line":27,"column":4}},"1":{"start":{"line":22,"column":10},"end":{"line":22,"column":67}}},"fnMap":{"0":{"name":"InputForm","decl":{"start":{"line":15,"column":16},"end":{"line":15,"column":25}},"loc":{"start":{"line":15,"column":68},"end":{"line":28,"column":1}},"line":15},"1":{"name":"(anonymous_1)","decl":{"start":{"line":21,"column":16},"end":{"line":21,"column":17}},"loc":{"start":{"line":22,"column":10},"end":{"line":22,"column":67}},"line":22}},"branchMap":{"0":{"loc":{"start":{"line":25,"column":7},"end":{"line":25,"column":38}},"type":"binary-expr","locations":[{"start":{"line":25,"column":7},"end":{"line":25,"column":12}},{"start":{"line":25,"column":16},"end":{"line":25,"column":38}}],"line":25}},"s":{"0":4,"1":4},"f":{"0":4,"1":4},"b":{"0":[4,0]},"_coverageSchema":"1a1c01bbd47fc00a2c39e90264f33305004495a9","hash":"1de31a4684c8e8148a10002e9bd96a8198e6fee0"}
,"/Users/bruno/Dev/cursos/rocketseat/ignite/reactNative/gofinances/src/components/Form/TransactionTypeButton/index.tsx": {"path":"/Users/bruno/Dev/cursos/rocketseat/ignite/reactNative/gofinances/src/components/Form/TransactionTypeButton/index.tsx","statementMap":{"0":{"start":{"line":12,"column":14},"end":{"line":15,"column":1}},"1":{"start":{"line":18,"column":2},"end":{"line":25,"column":4}}},"fnMap":{"0":{"name":"TransactionTypeButton","decl":{"start":{"line":17,"column":9},"end":{"line":17,"column":30}},"loc":{"start":{"line":17,"column":74},"end":{"line":26,"column":1}},"line":17}},"branchMap":{},"s":{"0":1,"1":4},"f":{"0":4},"b":{},"_coverageSchema":"1a1c01bbd47fc00a2c39e90264f33305004495a9","hash":"bf2ce338fc92066c6424d970e659eb3827b1d733"}
,"/Users/bruno/Dev/cursos/rocketseat/ignite/reactNative/gofinances/src/components/HighlightCard/index.tsx": {"path":"/Users/bruno/Dev/cursos/rocketseat/ignite/reactNative/gofinances/src/components/HighlightCard/index.tsx","statementMap":{"0":{"start":{"line":20,"column":13},"end":{"line":24,"column":1}},"1":{"start":{"line":32,"column":2},"end":{"line":44,"column":4}}},"fnMap":{"0":{"name":"HighlightCard","decl":{"start":{"line":26,"column":9},"end":{"line":26,"column":22}},"loc":{"start":{"line":31,"column":24},"end":{"line":45,"column":1}},"line":31}},"branchMap":{},"s":{"0":0,"1":0},"f":{"0":0},"b":{}}
,"/Users/bruno/Dev/cursos/rocketseat/ignite/reactNative/gofinances/src/components/HistoryCard/index.tsx": {"path":"/Users/bruno/Dev/cursos/rocketseat/ignite/reactNative/gofinances/src/components/HistoryCard/index.tsx","statementMap":{"0":{"start":{"line":12,"column":2},"end":{"line":17,"column":4}}},"fnMap":{"0":{"name":"HistoryCard","decl":{"start":{"line":11,"column":16},"end":{"line":11,"column":27}},"loc":{"start":{"line":11,"column":62},"end":{"line":18,"column":1}},"line":11}},"branchMap":{},"s":{"0":0},"f":{"0":0},"b":{}}
,"/Users/bruno/Dev/cursos/rocketseat/ignite/reactNative/gofinances/src/components/SignInSocialButton/index.tsx": {"path":"/Users/bruno/Dev/cursos/rocketseat/ignite/reactNative/gofinances/src/components/SignInSocialButton/index.tsx","statementMap":{"0":{"start":{"line":13,"column":2},"end":{"line":21,"column":4}}},"fnMap":{"0":{"name":"SignInSocialButton","decl":{"start":{"line":12,"column":16},"end":{"line":12,"column":34}},"loc":{"start":{"line":12,"column":72},"end":{"line":22,"column":1}},"line":12}},"branchMap":{},"s":{"0":0},"f":{"0":0},"b":{}}
,"/Users/bruno/Dev/cursos/rocketseat/ignite/reactNative/gofinances/src/components/TransactionCard/index.tsx": {"path":"/Users/bruno/Dev/cursos/rocketseat/ignite/reactNative/gofinances/src/components/TransactionCard/index.tsx","statementMap":{"0":{"start":{"line":29,"column":21},"end":{"line":29,"column":76}},"1":{"start":{"line":29,"column":49},"end":{"line":29,"column":75}},"2":{"start":{"line":31,"column":2},"end":{"line":49,"column":4}}},"fnMap":{"0":{"name":"TransactionCard","decl":{"start":{"line":28,"column":9},"end":{"line":28,"column":24}},"loc":{"start":{"line":28,"column":57},"end":{"line":50,"column":1}},"line":28},"1":{"name":"(anonymous_1)","decl":{"start":{"line":29,"column":39},"end":{"line":29,"column":40}},"loc":{"start":{"line":29,"column":49},"end":{"line":29,"column":75}},"line":29}},"branchMap":{"0":{"loc":{"start":{"line":36,"column":9},"end":{"line":36,"column":40}},"type":"binary-expr","locations":[{"start":{"line":36,"column":9},"end":{"line":36,"column":32}},{"start":{"line":36,"column":36},"end":{"line":36,"column":40}}],"line":36}},"s":{"0":0,"1":0,"2":0},"f":{"0":0,"1":0},"b":{"0":[0,0]}}
,"/Users/bruno/Dev/cursos/rocketseat/ignite/reactNative/gofinances/src/hooks/auth.tsx": {"path":"/Users/bruno/Dev/cursos/rocketseat/ignite/reactNative/gofinances/src/hooks/auth.tsx","statementMap":{"0":{"start":{"line":13,"column":22},"end":{"line":13,"column":33}},"1":{"start":{"line":14,"column":25},"end":{"line":14,"column":36}},"2":{"start":{"line":42,"column":20},"end":{"line":42,"column":57}},"3":{"start":{"line":45,"column":26},"end":{"line":45,"column":52}},"4":{"start":{"line":46,"column":50},"end":{"line":46,"column":64}},"5":{"start":{"line":48,"column":25},"end":{"line":48,"column":43}},"6":{"start":{"line":50,"column":2},"end":{"line":63,"column":9}},"7":{"start":{"line":52,"column":26},"end":{"line":52,"column":68}},"8":{"start":{"line":54,"column":6},"end":{"line":57,"column":7}},"9":{"start":{"line":55,"column":27},"end":{"line":55,"column":58}},"10":{"start":{"line":56,"column":8},"end":{"line":56,"column":28}},"11":{"start":{"line":59,"column":6},"end":{"line":59,"column":33}},"12":{"start":{"line":62,"column":4},"end":{"line":62,"column":26}},"13":{"start":{"line":66,"column":4},"end":{"line":95,"column":5}},"14":{"start":{"line":67,"column":28},"end":{"line":67,"column":35}},"15":{"start":{"line":68,"column":20},"end":{"line":68,"column":46}},"16":{"start":{"line":70,"column":22},"end":{"line":70,"column":163}},"17":{"start":{"line":72,"column":31},"end":{"line":74,"column":35}},"18":{"start":{"line":76,"column":6},"end":{"line":92,"column":7}},"19":{"start":{"line":77,"column":25},"end":{"line":79,"column":9}},"20":{"start":{"line":81,"column":25},"end":{"line":81,"column":46}},"21":{"start":{"line":83,"column":27},"end":{"line":88,"column":9}},"22":{"start":{"line":90,"column":8},"end":{"line":90,"column":28}},"23":{"start":{"line":91,"column":8},"end":{"line":91,"column":79}},"24":{"start":{"line":94,"column":6},"end":{"line":94,"column":39}},"25":{"start":{"line":99,"column":4},"end":{"line":122,"column":5}},"26":{"start":{"line":100,"column":25},"end":{"line":105,"column":8}},"27":{"start":{"line":107,"column":6},"end":{"line":119,"column":7}},"28":{"start":{"line":108,"column":21},"end":{"line":108,"column":52}},"29":{"start":{"line":110,"column":27},"end":{"line":115,"column":9}},"30":{"start":{"line":117,"column":8},"end":{"line":117,"column":28}},"31":{"start":{"line":118,"column":8},"end":{"line":118,"column":79}},"32":{"start":{"line":121,"column":6},"end":{"line":121,"column":39}},"33":{"start":{"line":126,"column":4},"end":{"line":126,"column":24}},"34":{"start":{"line":127,"column":4},"end":{"line":127,"column":50}},"35":{"start":{"line":130,"column":2},"end":{"line":142,"column":4}},"36":{"start":{"line":146,"column":2},"end":{"line":146,"column":33}}},"fnMap":{"0":{"name":"AuthProvider","decl":{"start":{"line":44,"column":9},"end":{"line":44,"column":21}},"loc":{"start":{"line":44,"column":55},"end":{"line":143,"column":1}},"line":44},"1":{"name":"(anonymous_1)","decl":{"start":{"line":50,"column":12},"end":{"line":50,"column":13}},"loc":{"start":{"line":50,"column":18},"end":{"line":63,"column":3}},"line":50},"2":{"name":"loadUserStorageDate","decl":{"start":{"line":51,"column":19},"end":{"line":51,"column":38}},"loc":{"start":{"line":51,"column":41},"end":{"line":60,"column":5}},"line":51},"3":{"name":"signInWithGoogle","decl":{"start":{"line":65,"column":17},"end":{"line":65,"column":33}},"loc":{"start":{"line":65,"column":36},"end":{"line":96,"column":3}},"line":65},"4":{"name":"signInWithApple","decl":{"start":{"line":98,"column":17},"end":{"line":98,"column":32}},"loc":{"start":{"line":98,"column":35},"end":{"line":123,"column":3}},"line":98},"5":{"name":"signOut","decl":{"start":{"line":125,"column":17},"end":{"line":125,"column":24}},"loc":{"start":{"line":125,"column":27},"end":{"line":128,"column":3}},"line":125},"6":{"name":"useAuth","decl":{"start":{"line":145,"column":9},"end":{"line":145,"column":16}},"loc":{"start":{"line":145,"column":19},"end":{"line":147,"column":1}},"line":145}},"branchMap":{"0":{"loc":{"start":{"line":54,"column":6},"end":{"line":57,"column":7}},"type":"if","locations":[{"start":{"line":54,"column":6},"end":{"line":57,"column":7}},{"start":{"line":54,"column":6},"end":{"line":57,"column":7}}],"line":54},"1":{"loc":{"start":{"line":76,"column":6},"end":{"line":92,"column":7}},"type":"if","locations":[{"start":{"line":76,"column":6},"end":{"line":92,"column":7}},{"start":{"line":76,"column":6},"end":{"line":92,"column":7}}],"line":76},"2":{"loc":{"start":{"line":107,"column":6},"end":{"line":119,"column":7}},"type":"if","locations":[{"start":{"line":107,"column":6},"end":{"line":119,"column":7}},{"start":{"line":107,"column":6},"end":{"line":119,"column":7}}],"line":107}},"s":{"0":2,"1":2,"2":2,"3":8,"4":8,"5":8,"6":8,"7":3,"8":3,"9":0,"10":0,"11":3,"12":3,"13":3,"14":3,"15":3,"16":3,"17":3,"18":3,"19":3,"20":3,"21":2,"22":2,"23":2,"24":1,"25":0,"26":0,"27":0,"28":0,"29":0,"30":0,"31":0,"32":0,"33":0,"34":0,"35":8,"36":10},"f":{"0":8,"1":3,"2":3,"3":3,"4":0,"5":0,"6":10},"b":{"0":[0,3],"1":[3,0],"2":[0,0]},"_coverageSchema":"1a1c01bbd47fc00a2c39e90264f33305004495a9","hash":"cdcaecab24008236433474240fa892e42f5d9233"}
,"/Users/bruno/Dev/cursos/rocketseat/ignite/reactNative/gofinances/src/routes/app.routes.tsx": {"path":"/Users/bruno/Dev/cursos/rocketseat/ignite/reactNative/gofinances/src/routes/app.routes.tsx","statementMap":{"0":{"start":{"line":11,"column":30},"end":{"line":11,"column":56}},"1":{"start":{"line":14,"column":16},"end":{"line":14,"column":26}},"2":{"start":{"line":16,"column":2},"end":{"line":59,"column":4}},"3":{"start":{"line":32,"column":12},"end":{"line":36,"column":14}},"4":{"start":{"line":45,"column":12},"end":{"line":45,"column":75}},"5":{"start":{"line":54,"column":12},"end":{"line":54,"column":72}}},"fnMap":{"0":{"name":"AppRoutes","decl":{"start":{"line":13,"column":16},"end":{"line":13,"column":25}},"loc":{"start":{"line":13,"column":28},"end":{"line":60,"column":1}},"line":13},"1":{"name":"(anonymous_1)","decl":{"start":{"line":31,"column":22},"end":{"line":31,"column":23}},"loc":{"start":{"line":32,"column":12},"end":{"line":36,"column":14}},"line":32},"2":{"name":"(anonymous_2)","decl":{"start":{"line":44,"column":22},"end":{"line":44,"column":23}},"loc":{"start":{"line":45,"column":12},"end":{"line":45,"column":75}},"line":45},"3":{"name":"(anonymous_3)","decl":{"start":{"line":53,"column":22},"end":{"line":53,"column":23}},"loc":{"start":{"line":54,"column":12},"end":{"line":54,"column":72}},"line":54}},"branchMap":{"0":{"loc":{"start":{"line":23,"column":27},"end":{"line":23,"column":57}},"type":"cond-expr","locations":[{"start":{"line":23,"column":51},"end":{"line":23,"column":53}},{"start":{"line":23,"column":56},"end":{"line":23,"column":57}}],"line":23}},"s":{"0":0,"1":0,"2":0,"3":0,"4":0,"5":0},"f":{"0":0,"1":0,"2":0,"3":0},"b":{"0":[0,0]}}
,"/Users/bruno/Dev/cursos/rocketseat/ignite/reactNative/gofinances/src/routes/auth.routes.tsx": {"path":"/Users/bruno/Dev/cursos/rocketseat/ignite/reactNative/gofinances/src/routes/auth.routes.tsx","statementMap":{"0":{"start":{"line":6,"column":30},"end":{"line":6,"column":52}},"1":{"start":{"line":9,"column":2},"end":{"line":13,"column":4}}},"fnMap":{"0":{"name":"AuthRoutes","decl":{"start":{"line":8,"column":16},"end":{"line":8,"column":26}},"loc":{"start":{"line":8,"column":29},"end":{"line":14,"column":1}},"line":8}},"branchMap":{},"s":{"0":0,"1":0},"f":{"0":0},"b":{}}
,"/Users/bruno/Dev/cursos/rocketseat/ignite/reactNative/gofinances/src/routes/index.tsx": {"path":"/Users/bruno/Dev/cursos/rocketseat/ignite/reactNative/gofinances/src/routes/index.tsx","statementMap":{"0":{"start":{"line":10,"column":19},"end":{"line":10,"column":28}},"1":{"start":{"line":12,"column":2},"end":{"line":16,"column":4}}},"fnMap":{"0":{"name":"Routes","decl":{"start":{"line":9,"column":16},"end":{"line":9,"column":22}},"loc":{"start":{"line":9,"column":25},"end":{"line":17,"column":1}},"line":9}},"branchMap":{"0":{"loc":{"start":{"line":14,"column":7},"end":{"line":14,"column":47}},"type":"cond-expr","locations":[{"start":{"line":14,"column":17},"end":{"line":14,"column":30}},{"start":{"line":14,"column":33},"end":{"line":14,"column":47}}],"line":14}},"s":{"0":0,"1":0},"f":{"0":0},"b":{"0":[0,0]}}
,"/Users/bruno/Dev/cursos/rocketseat/ignite/reactNative/gofinances/src/screens/CategorySelect/index.tsx": {"path":"/Users/bruno/Dev/cursos/rocketseat/ignite/reactNative/gofinances/src/screens/CategorySelect/index.tsx","statementMap":{"0":{"start":{"line":31,"column":4},"end":{"line":31,"column":22}},"1":{"start":{"line":34,"column":2},"end":{"line":60,"column":4}},"2":{"start":{"line":43,"column":32},"end":{"line":43,"column":40}},"3":{"start":{"line":45,"column":10},"end":{"line":51,"column":21}},"4":{"start":{"line":46,"column":27},"end":{"line":46,"column":53}},"5":{"start":{"line":53,"column":38},"end":{"line":53,"column":51}}},"fnMap":{"0":{"name":"CategorySelect","decl":{"start":{"line":29,"column":9},"end":{"line":29,"column":23}},"loc":{"start":{"line":29,"column":79},"end":{"line":61,"column":1}},"line":29},"1":{"name":"handleCategorySelect","decl":{"start":{"line":30,"column":11},"end":{"line":30,"column":31}},"loc":{"start":{"line":30,"column":48},"end":{"line":32,"column":3}},"line":30},"2":{"name":"(anonymous_2)","decl":{"start":{"line":43,"column":22},"end":{"line":43,"column":23}},"loc":{"start":{"line":43,"column":32},"end":{"line":43,"column":40}},"line":43},"3":{"name":"(anonymous_3)","decl":{"start":{"line":44,"column":20},"end":{"line":44,"column":21}},"loc":{"start":{"line":45,"column":10},"end":{"line":51,"column":21}},"line":45},"4":{"name":"(anonymous_4)","decl":{"start":{"line":46,"column":21},"end":{"line":46,"column":22}},"loc":{"start":{"line":46,"column":27},"end":{"line":46,"column":53}},"line":46},"5":{"name":"(anonymous_5)","decl":{"start":{"line":53,"column":32},"end":{"line":53,"column":33}},"loc":{"start":{"line":53,"column":38},"end":{"line":53,"column":51}},"line":53}},"branchMap":{},"s":{"0":0,"1":2,"2":12,"3":12,"4":0,"5":10},"f":{"0":2,"1":0,"2":12,"3":12,"4":0,"5":10},"b":{},"_coverageSchema":"1a1c01bbd47fc00a2c39e90264f33305004495a9","hash":"064c1d2ce1e842066139ec35bf594658102120be"}
,"/Users/bruno/Dev/cursos/rocketseat/ignite/reactNative/gofinances/src/screens/Dashboard/index.tsx": {"path":"/Users/bruno/Dev/cursos/rocketseat/ignite/reactNative/gofinances/src/screens/Dashboard/index.tsx","statementMap":{"0":{"start":{"line":49,"column":36},"end":{"line":49,"column":50}},"1":{"start":{"line":50,"column":42},"end":{"line":50,"column":71}},"2":{"start":{"line":51,"column":44},"end":{"line":53,"column":3}},"3":{"start":{"line":55,"column":16},"end":{"line":55,"column":26}},"4":{"start":{"line":56,"column":28},"end":{"line":56,"column":37}},"5":{"start":{"line":62,"column":31},"end":{"line":64,"column":5}},"6":{"start":{"line":63,"column":23},"end":{"line":63,"column":48}},"7":{"start":{"line":66,"column":4},"end":{"line":68,"column":5}},"8":{"start":{"line":67,"column":6},"end":{"line":67,"column":15}},"9":{"start":{"line":70,"column":28},"end":{"line":77,"column":5}},"10":{"start":{"line":74,"column":10},"end":{"line":74,"column":46}},"11":{"start":{"line":79,"column":4},"end":{"line":82,"column":8}},"12":{"start":{"line":86,"column":20},"end":{"line":86,"column":62}},"13":{"start":{"line":87,"column":24},"end":{"line":87,"column":59}},"14":{"start":{"line":88,"column":25},"end":{"line":88,"column":67}},"15":{"start":{"line":90,"column":23},"end":{"line":90,"column":24}},"16":{"start":{"line":91,"column":25},"end":{"line":91,"column":26}},"17":{"start":{"line":93,"column":51},"end":{"line":121,"column":5}},"18":{"start":{"line":95,"column":8},"end":{"line":99,"column":9}},"19":{"start":{"line":96,"column":10},"end":{"line":96,"column":46}},"20":{"start":{"line":98,"column":10},"end":{"line":98,"column":48}},"21":{"start":{"line":101,"column":23},"end":{"line":104,"column":10}},"22":{"start":{"line":106,"column":30},"end":{"line":110,"column":38}},"23":{"start":{"line":112,"column":8},"end":{"line":119,"column":10}},"24":{"start":{"line":123,"column":4},"end":{"line":123,"column":43}},"25":{"start":{"line":125,"column":35},"end":{"line":128,"column":5}},"26":{"start":{"line":129,"column":37},"end":{"line":132,"column":5}},"27":{"start":{"line":134,"column":18},"end":{"line":134,"column":47}},"28":{"start":{"line":137,"column":6},"end":{"line":143,"column":12}},"29":{"start":{"line":145,"column":4},"end":{"line":173,"column":7}},"30":{"start":{"line":175,"column":4},"end":{"line":175,"column":24}},"31":{"start":{"line":178,"column":2},"end":{"line":180,"column":9}},"32":{"start":{"line":179,"column":4},"end":{"line":179,"column":23}},"33":{"start":{"line":182,"column":2},"end":{"line":186,"column":4}},"34":{"start":{"line":184,"column":6},"end":{"line":184,"column":25}},"35":{"start":{"line":188,"column":2},"end":{"line":248,"column":4}},"36":{"start":{"line":241,"column":38},"end":{"line":241,"column":45}},"37":{"start":{"line":242,"column":40},"end":{"line":242,"column":71}}},"fnMap":{"0":{"name":"Dashboard","decl":{"start":{"line":48,"column":16},"end":{"line":48,"column":25}},"loc":{"start":{"line":48,"column":28},"end":{"line":249,"column":1}},"line":48},"1":{"name":"getLastTransactionDate","decl":{"start":{"line":58,"column":11},"end":{"line":58,"column":33}},"loc":{"start":{"line":61,"column":4},"end":{"line":83,"column":3}},"line":61},"2":{"name":"(anonymous_2)","decl":{"start":{"line":63,"column":6},"end":{"line":63,"column":7}},"loc":{"start":{"line":63,"column":23},"end":{"line":63,"column":48}},"line":63},"3":{"name":"(anonymous_3)","decl":{"start":{"line":73,"column":31},"end":{"line":73,"column":32}},"loc":{"start":{"line":74,"column":10},"end":{"line":74,"column":46}},"line":74},"4":{"name":"loadTransactions","decl":{"start":{"line":85,"column":17},"end":{"line":85,"column":33}},"loc":{"start":{"line":85,"column":36},"end":{"line":176,"column":3}},"line":85},"5":{"name":"(anonymous_5)","decl":{"start":{"line":94,"column":6},"end":{"line":94,"column":7}},"loc":{"start":{"line":94,"column":31},"end":{"line":120,"column":7}},"line":94},"6":{"name":"(anonymous_6)","decl":{"start":{"line":178,"column":12},"end":{"line":178,"column":13}},"loc":{"start":{"line":178,"column":18},"end":{"line":180,"column":3}},"line":178},"7":{"name":"(anonymous_7)","decl":{"start":{"line":183,"column":16},"end":{"line":183,"column":17}},"loc":{"start":{"line":183,"column":22},"end":{"line":185,"column":5}},"line":183},"8":{"name":"(anonymous_8)","decl":{"start":{"line":241,"column":28},"end":{"line":241,"column":29}},"loc":{"start":{"line":241,"column":38},"end":{"line":241,"column":45}},"line":241},"9":{"name":"(anonymous_9)","decl":{"start":{"line":242,"column":26},"end":{"line":242,"column":27}},"loc":{"start":{"line":242,"column":40},"end":{"line":242,"column":71}},"line":242}},"branchMap":{"0":{"loc":{"start":{"line":66,"column":4},"end":{"line":68,"column":5}},"type":"if","locations":[{"start":{"line":66,"column":4},"end":{"line":68,"column":5}},{"start":{"line":66,"column":4},"end":{"line":68,"column":5}}],"line":66},"1":{"loc":{"start":{"line":88,"column":25},"end":{"line":88,"column":67}},"type":"cond-expr","locations":[{"start":{"line":88,"column":39},"end":{"line":88,"column":62}},{"start":{"line":88,"column":65},"end":{"line":88,"column":67}}],"line":88},"2":{"loc":{"start":{"line":95,"column":8},"end":{"line":99,"column":9}},"type":"if","locations":[{"start":{"line":95,"column":8},"end":{"line":99,"column":9}},{"start":{"line":95,"column":8},"end":{"line":99,"column":9}}],"line":95},"3":{"loc":{"start":{"line":137,"column":6},"end":{"line":143,"column":12}},"type":"cond-expr","locations":[{"start":{"line":138,"column":10},"end":{"line":138,"column":29}},{"start":{"line":139,"column":10},"end":{"line":143,"column":12}}],"line":137},"4":{"loc":{"start":{"line":140,"column":12},"end":{"line":142,"column":38}},"type":"cond-expr","locations":[{"start":{"line":141,"column":16},"end":{"line":141,"column":40}},{"start":{"line":142,"column":16},"end":{"line":142,"column":38}}],"line":140},"5":{"loc":{"start":{"line":152,"column":10},"end":{"line":154,"column":60}},"type":"cond-expr","locations":[{"start":{"line":153,"column":14},"end":{"line":153,"column":33}},{"start":{"line":154,"column":14},"end":{"line":154,"column":60}}],"line":152},"6":{"loc":{"start":{"line":162,"column":10},"end":{"line":164,"column":60}},"type":"cond-expr","locations":[{"start":{"line":163,"column":14},"end":{"line":163,"column":33}},{"start":{"line":164,"column":14},"end":{"line":164,"column":60}}],"line":162},"7":{"loc":{"start":{"line":190,"column":7},"end":{"line":246,"column":7}},"type":"cond-expr","locations":[{"start":{"line":191,"column":8},"end":{"line":193,"column":24}},{"start":{"line":195,"column":8},"end":{"line":245,"column":11}}],"line":190}},"s":{"0":0,"1":0,"2":0,"3":0,"4":0,"5":0,"6":0,"7":0,"8":0,"9":0,"10":0,"11":0,"12":0,"13":0,"14":0,"15":0,"16":0,"17":0,"18":0,"19":0,"20":0,"21":0,"22":0,"23":0,"24":0,"25":0,"26":0,"27":0,"28":0,"29":0,"30":0,"31":0,"32":0,"33":0,"34":0,"35":0,"36":0,"37":0},"f":{"0":0,"1":0,"2":0,"3":0,"4":0,"5":0,"6":0,"7":0,"8":0,"9":0},"b":{"0":[0,0],"1":[0,0],"2":[0,0],"3":[0,0],"4":[0,0],"5":[0,0],"6":[0,0],"7":[0,0]}}
,"/Users/bruno/Dev/cursos/rocketseat/ignite/reactNative/gofinances/src/screens/Profile/index.tsx": {"path":"/Users/bruno/Dev/cursos/rocketseat/ignite/reactNative/gofinances/src/screens/Profile/index.tsx","statementMap":{"0":{"start":{"line":5,"column":2},"end":{"line":24,"column":4}}},"fnMap":{"0":{"name":"Profile","decl":{"start":{"line":4,"column":16},"end":{"line":4,"column":23}},"loc":{"start":{"line":4,"column":26},"end":{"line":25,"column":1}},"line":4},"1":{"name":"(anonymous_1)","decl":{"start":{"line":22,"column":38},"end":{"line":22,"column":39}},"loc":{"start":{"line":22,"column":44},"end":{"line":22,"column":46}},"line":22}},"branchMap":{},"s":{"0":3},"f":{"0":3,"1":0},"b":{},"_coverageSchema":"1a1c01bbd47fc00a2c39e90264f33305004495a9","hash":"53fadbdf0a0713b12586e4cd82f0dd2150c0c894"}
,"/Users/bruno/Dev/cursos/rocketseat/ignite/reactNative/gofinances/src/screens/Register/index.tsx": {"path":"/Users/bruno/Dev/cursos/rocketseat/ignite/reactNative/gofinances/src/screens/Register/index.tsx","statementMap":{"0":{"start":{"line":32,"column":15},"end":{"line":39,"column":2}},"1":{"start":{"line":42,"column":48},"end":{"line":42,"column":60}},"2":{"start":{"line":43,"column":52},"end":{"line":43,"column":67}},"3":{"start":{"line":44,"column":21},"end":{"line":44,"column":36}},"4":{"start":{"line":46,"column":19},"end":{"line":46,"column":28}},"5":{"start":{"line":48,"column":34},"end":{"line":51,"column":4}},"6":{"start":{"line":58,"column":6},"end":{"line":60,"column":4}},"7":{"start":{"line":63,"column":4},"end":{"line":63,"column":29}},"8":{"start":{"line":67,"column":4},"end":{"line":67,"column":31}},"9":{"start":{"line":71,"column":4},"end":{"line":71,"column":32}},"10":{"start":{"line":75,"column":4},"end":{"line":77,"column":5}},"11":{"start":{"line":76,"column":6},"end":{"line":76,"column":58}},"12":{"start":{"line":79,"column":4},"end":{"line":81,"column":5}},"13":{"start":{"line":80,"column":6},"end":{"line":80,"column":50}},"14":{"start":{"line":83,"column":27},"end":{"line":90,"column":5}},"15":{"start":{"line":92,"column":4},"end":{"line":112,"column":5}},"16":{"start":{"line":93,"column":22},"end":{"line":93,"column":64}},"17":{"start":{"line":94,"column":26},"end":{"line":94,"column":61}},"18":{"start":{"line":95,"column":26},"end":{"line":95,"column":68}},"19":{"start":{"line":96,"column":6},"end":{"line":99,"column":8}},"20":{"start":{"line":101,"column":6},"end":{"line":101,"column":14}},"21":{"start":{"line":102,"column":6},"end":{"line":102,"column":29}},"22":{"start":{"line":103,"column":6},"end":{"line":106,"column":9}},"23":{"start":{"line":108,"column":6},"end":{"line":108,"column":38}},"24":{"start":{"line":110,"column":6},"end":{"line":110,"column":25}},"25":{"start":{"line":111,"column":6},"end":{"line":111,"column":45}},"26":{"start":{"line":115,"column":2},"end":{"line":175,"column":4}},"27":{"start":{"line":145,"column":31},"end":{"line":145,"column":68}},"28":{"start":{"line":151,"column":31},"end":{"line":151,"column":69}}},"fnMap":{"0":{"name":"Register","decl":{"start":{"line":41,"column":16},"end":{"line":41,"column":24}},"loc":{"start":{"line":41,"column":27},"end":{"line":176,"column":1}},"line":41},"1":{"name":"handleTransactionTypeSelect","decl":{"start":{"line":62,"column":11},"end":{"line":62,"column":38}},"loc":{"start":{"line":62,"column":67},"end":{"line":64,"column":3}},"line":62},"2":{"name":"handleOpenSelectCategoryModal","decl":{"start":{"line":66,"column":11},"end":{"line":66,"column":40}},"loc":{"start":{"line":66,"column":43},"end":{"line":68,"column":3}},"line":66},"3":{"name":"handleCloseSelectCategoryModal","decl":{"start":{"line":70,"column":11},"end":{"line":70,"column":41}},"loc":{"start":{"line":70,"column":44},"end":{"line":72,"column":3}},"line":70},"4":{"name":"handleRegister","decl":{"start":{"line":74,"column":17},"end":{"line":74,"column":31}},"loc":{"start":{"line":74,"column":60},"end":{"line":113,"column":3}},"line":74},"5":{"name":"(anonymous_5)","decl":{"start":{"line":145,"column":25},"end":{"line":145,"column":26}},"loc":{"start":{"line":145,"column":31},"end":{"line":145,"column":68}},"line":145},"6":{"name":"(anonymous_6)","decl":{"start":{"line":151,"column":25},"end":{"line":151,"column":26}},"loc":{"start":{"line":151,"column":31},"end":{"line":151,"column":69}},"line":151}},"branchMap":{"0":{"loc":{"start":{"line":75,"column":4},"end":{"line":77,"column":5}},"type":"if","locations":[{"start":{"line":75,"column":4},"end":{"line":77,"column":5}},{"start":{"line":75,"column":4},"end":{"line":77,"column":5}}],"line":75},"1":{"loc":{"start":{"line":79,"column":4},"end":{"line":81,"column":5}},"type":"if","locations":[{"start":{"line":79,"column":4},"end":{"line":81,"column":5}},{"start":{"line":79,"column":4},"end":{"line":81,"column":5}}],"line":79},"2":{"loc":{"start":{"line":95,"column":26},"end":{"line":95,"column":68}},"type":"cond-expr","locations":[{"start":{"line":95,"column":40},"end":{"line":95,"column":63}},{"start":{"line":95,"column":66},"end":{"line":95,"column":68}}],"line":95}},"s":{"0":1,"1":2,"2":2,"3":2,"4":2,"5":2,"6":2,"7":0,"8":1,"9":0,"10":0,"11":0,"12":0,"13":0,"14":0,"15":0,"16":0,"17":0,"18":0,"19":0,"20":0,"21":0,"22":0,"23":0,"24":0,"25":0,"26":2,"27":0,"28":0},"f":{"0":2,"1":0,"2":1,"3":0,"4":0,"5":0,"6":0},"b":{"0":[0,0],"1":[0,0],"2":[0,0]},"_coverageSchema":"1a1c01bbd47fc00a2c39e90264f33305004495a9","hash":"ca4799fa94c4ad4f399ff1b22c12600792ea1144"}
,"/Users/bruno/Dev/cursos/rocketseat/ignite/reactNative/gofinances/src/screens/Resume/index.tsx": {"path":"/Users/bruno/Dev/cursos/rocketseat/ignite/reactNative/gofinances/src/screens/Resume/index.tsx","statementMap":{"0":{"start":{"line":50,"column":36},"end":{"line":50,"column":51}},"1":{"start":{"line":51,"column":42},"end":{"line":51,"column":62}},"2":{"start":{"line":52,"column":52},"end":{"line":54,"column":3}},"3":{"start":{"line":56,"column":16},"end":{"line":56,"column":26}},"4":{"start":{"line":57,"column":19},"end":{"line":57,"column":28}},"5":{"start":{"line":60,"column":4},"end":{"line":64,"column":5}},"6":{"start":{"line":61,"column":6},"end":{"line":61,"column":50}},"7":{"start":{"line":63,"column":6},"end":{"line":63,"column":50}},"8":{"start":{"line":68,"column":4},"end":{"line":68,"column":23}},"9":{"start":{"line":69,"column":20},"end":{"line":69,"column":62}},"10":{"start":{"line":70,"column":24},"end":{"line":70,"column":59}},"11":{"start":{"line":71,"column":26},"end":{"line":71,"column":68}},"12":{"start":{"line":73,"column":23},"end":{"line":77,"column":5}},"13":{"start":{"line":75,"column":8},"end":{"line":76,"column":77}},"14":{"start":{"line":79,"column":28},"end":{"line":84,"column":5}},"15":{"start":{"line":81,"column":8},"end":{"line":81,"column":54}},"16":{"start":{"line":85,"column":45},"end":{"line":85,"column":47}},"17":{"start":{"line":87,"column":4},"end":{"line":115,"column":7}},"18":{"start":{"line":88,"column":24},"end":{"line":88,"column":25}},"19":{"start":{"line":90,"column":6},"end":{"line":94,"column":9}},"20":{"start":{"line":91,"column":8},"end":{"line":93,"column":9}},"21":{"start":{"line":92,"column":10},"end":{"line":92,"column":50}},"22":{"start":{"line":96,"column":6},"end":{"line":114,"column":7}},"23":{"start":{"line":97,"column":31},"end":{"line":100,"column":10}},"24":{"start":{"line":102,"column":24},"end":{"line":104,"column":12}},"25":{"start":{"line":106,"column":8},"end":{"line":113,"column":11}},"26":{"start":{"line":117,"column":4},"end":{"line":117,"column":42}},"27":{"start":{"line":118,"column":4},"end":{"line":118,"column":24}},"28":{"start":{"line":121,"column":2},"end":{"line":125,"column":4}},"29":{"start":{"line":123,"column":6},"end":{"line":123,"column":17}},"30":{"start":{"line":127,"column":2},"end":{"line":192,"column":4}},"31":{"start":{"line":146,"column":46},"end":{"line":146,"column":70}},"32":{"start":{"line":154,"column":46},"end":{"line":154,"column":70}},"33":{"start":{"line":167,"column":62},"end":{"line":167,"column":76}},"34":{"start":{"line":182,"column":12},"end":{"line":187,"column":14}}},"fnMap":{"0":{"name":"Resume","decl":{"start":{"line":49,"column":9},"end":{"line":49,"column":15}},"loc":{"start":{"line":49,"column":18},"end":{"line":193,"column":1}},"line":49},"1":{"name":"handleDateChange","decl":{"start":{"line":59,"column":11},"end":{"line":59,"column":27}},"loc":{"start":{"line":59,"column":53},"end":{"line":65,"column":3}},"line":59},"2":{"name":"loadData","decl":{"start":{"line":67,"column":17},"end":{"line":67,"column":25}},"loc":{"start":{"line":67,"column":28},"end":{"line":119,"column":3}},"line":67},"3":{"name":"(anonymous_3)","decl":{"start":{"line":74,"column":6},"end":{"line":74,"column":7}},"loc":{"start":{"line":75,"column":8},"end":{"line":76,"column":77}},"line":75},"4":{"name":"(anonymous_4)","decl":{"start":{"line":80,"column":6},"end":{"line":80,"column":7}},"loc":{"start":{"line":80,"column":60},"end":{"line":82,"column":7}},"line":80},"5":{"name":"(anonymous_5)","decl":{"start":{"line":87,"column":23},"end":{"line":87,"column":24}},"loc":{"start":{"line":87,"column":37},"end":{"line":115,"column":5}},"line":87},"6":{"name":"(anonymous_6)","decl":{"start":{"line":90,"column":25},"end":{"line":90,"column":26}},"loc":{"start":{"line":90,"column":58},"end":{"line":94,"column":7}},"line":90},"7":{"name":"(anonymous_7)","decl":{"start":{"line":122,"column":16},"end":{"line":122,"column":17}},"loc":{"start":{"line":122,"column":22},"end":{"line":124,"column":5}},"line":122},"8":{"name":"(anonymous_8)","decl":{"start":{"line":146,"column":40},"end":{"line":146,"column":41}},"loc":{"start":{"line":146,"column":46},"end":{"line":146,"column":70}},"line":146},"9":{"name":"(anonymous_9)","decl":{"start":{"line":154,"column":40},"end":{"line":154,"column":41}},"loc":{"start":{"line":154,"column":46},"end":{"line":154,"column":70}},"line":154},"10":{"name":"(anonymous_10)","decl":{"start":{"line":167,"column":48},"end":{"line":167,"column":49}},"loc":{"start":{"line":167,"column":62},"end":{"line":167,"column":76}},"line":167},"11":{"name":"(anonymous_11)","decl":{"start":{"line":181,"column":33},"end":{"line":181,"column":34}},"loc":{"start":{"line":182,"column":12},"end":{"line":187,"column":14}},"line":182}},"branchMap":{"0":{"loc":{"start":{"line":60,"column":4},"end":{"line":64,"column":5}},"type":"if","locations":[{"start":{"line":60,"column":4},"end":{"line":64,"column":5}},{"start":{"line":60,"column":4},"end":{"line":64,"column":5}}],"line":60},"1":{"loc":{"start":{"line":71,"column":26},"end":{"line":71,"column":68}},"type":"cond-expr","locations":[{"start":{"line":71,"column":40},"end":{"line":71,"column":63}},{"start":{"line":71,"column":66},"end":{"line":71,"column":68}}],"line":71},"2":{"loc":{"start":{"line":75,"column":8},"end":{"line":76,"column":77}},"type":"binary-expr","locations":[{"start":{"line":75,"column":8},"end":{"line":75,"column":71}},{"start":{"line":76,"column":8},"end":{"line":76,"column":77}}],"line":75},"3":{"loc":{"start":{"line":91,"column":8},"end":{"line":93,"column":9}},"type":"if","locations":[{"start":{"line":91,"column":8},"end":{"line":93,"column":9}},{"start":{"line":91,"column":8},"end":{"line":93,"column":9}}],"line":91},"4":{"loc":{"start":{"line":96,"column":6},"end":{"line":114,"column":7}},"type":"if","locations":[{"start":{"line":96,"column":6},"end":{"line":114,"column":7}},{"start":{"line":96,"column":6},"end":{"line":114,"column":7}}],"line":96},"5":{"loc":{"start":{"line":133,"column":7},"end":{"line":190,"column":7}},"type":"cond-expr","locations":[{"start":{"line":134,"column":8},"end":{"line":136,"column":24}},{"start":{"line":138,"column":8},"end":{"line":189,"column":18}}],"line":133},"6":{"loc":{"start":{"line":160,"column":13},"end":{"line":164,"column":13}},"type":"binary-expr","locations":[{"start":{"line":160,"column":13},"end":{"line":160,"column":43}},{"start":{"line":161,"column":14},"end":{"line":163,"column":32}}],"line":160}},"s":{"0":0,"1":0,"2":0,"3":0,"4":0,"5":0,"6":0,"7":0,"8":0,"9":0,"10":0,"11":0,"12":0,"13":0,"14":0,"15":0,"16":0,"17":0,"18":0,"19":0,"20":0,"21":0,"22":0,"23":0,"24":0,"25":0,"26":0,"27":0,"28":0,"29":0,"30":0,"31":0,"32":0,"33":0,"34":0},"f":{"0":0,"1":0,"2":0,"3":0,"4":0,"5":0,"6":0,"7":0,"8":0,"9":0,"10":0,"11":0},"b":{"0":[0,0],"1":[0,0],"2":[0,0],"3":[0,0],"4":[0,0],"5":[0,0],"6":[0,0]}}
,"/Users/bruno/Dev/cursos/rocketseat/ignite/reactNative/gofinances/src/screens/SignIn/index.tsx": {"path":"/Users/bruno/Dev/cursos/rocketseat/ignite/reactNative/gofinances/src/screens/SignIn/index.tsx","statementMap":{"0":{"start":{"line":25,"column":36},"end":{"line":25,"column":51}},"1":{"start":{"line":26,"column":48},"end":{"line":26,"column":57}},"2":{"start":{"line":28,"column":16},"end":{"line":28,"column":26}},"3":{"start":{"line":31,"column":4},"end":{"line":38,"column":5}},"4":{"start":{"line":32,"column":6},"end":{"line":32,"column":25}},"5":{"start":{"line":33,"column":6},"end":{"line":33,"column":63}},"6":{"start":{"line":33,"column":42},"end":{"line":33,"column":61}},"7":{"start":{"line":35,"column":6},"end":{"line":35,"column":25}},"8":{"start":{"line":36,"column":6},"end":{"line":36,"column":62}},"9":{"start":{"line":37,"column":6},"end":{"line":37,"column":26}},"10":{"start":{"line":42,"column":4},"end":{"line":42,"column":23}},"11":{"start":{"line":43,"column":4},"end":{"line":49,"column":5}},"12":{"start":{"line":44,"column":6},"end":{"line":44,"column":62}},"13":{"start":{"line":44,"column":41},"end":{"line":44,"column":60}},"14":{"start":{"line":46,"column":6},"end":{"line":46,"column":25}},"15":{"start":{"line":47,"column":6},"end":{"line":47,"column":61}},"16":{"start":{"line":48,"column":6},"end":{"line":48,"column":26}},"17":{"start":{"line":52,"column":2},"end":{"line":92,"column":4}}},"fnMap":{"0":{"name":"SignIn","decl":{"start":{"line":24,"column":16},"end":{"line":24,"column":22}},"loc":{"start":{"line":24,"column":25},"end":{"line":93,"column":1}},"line":24},"1":{"name":"handleSignInWithGoogle","decl":{"start":{"line":30,"column":17},"end":{"line":30,"column":39}},"loc":{"start":{"line":30,"column":42},"end":{"line":39,"column":3}},"line":30},"2":{"name":"(anonymous_2)","decl":{"start":{"line":33,"column":36},"end":{"line":33,"column":37}},"loc":{"start":{"line":33,"column":42},"end":{"line":33,"column":61}},"line":33},"3":{"name":"handleSignInWithApple","decl":{"start":{"line":41,"column":17},"end":{"line":41,"column":38}},"loc":{"start":{"line":41,"column":41},"end":{"line":50,"column":3}},"line":41},"4":{"name":"(anonymous_4)","decl":{"start":{"line":44,"column":35},"end":{"line":44,"column":36}},"loc":{"start":{"line":44,"column":41},"end":{"line":44,"column":60}},"line":44}},"branchMap":{"0":{"loc":{"start":{"line":75,"column":11},"end":{"line":81,"column":11}},"type":"binary-expr","locations":[{"start":{"line":75,"column":11},"end":{"line":75,"column":32}},{"start":{"line":76,"column":12},"end":{"line":80,"column":14}}],"line":75},"1":{"loc":{"start":{"line":84,"column":9},"end":{"line":89,"column":9}},"type":"binary-expr","locations":[{"start":{"line":84,"column":9},"end":{"line":84,"column":18}},{"start":{"line":85,"column":10},"end":{"line":88,"column":12}}],"line":84}},"s":{"0":0,"1":0,"2":0,"3":0,"4":0,"5":0,"6":0,"7":0,"8":0,"9":0,"10":0,"11":0,"12":0,"13":0,"14":0,"15":0,"16":0,"17":0},"f":{"0":0,"1":0,"2":0,"3":0,"4":0},"b":{"0":[0,0],"1":[0,0]}}
}
