TN:
SF:src/components/Form/Button/index.tsx
FN:11,Button
FNF:1
FNH:1
FNDA:4,Button
DA:12,4
LF:1
LH:1
BRF:0
BRH:0
end_of_record
TN:
SF:src/components/Form/CategorySelectButton/index.tsx
FN:11,CategorySelectButton
FNF:1
FNH:1
FNDA:2,CategorySelectButton
DA:12,2
LF:1
LH:1
BRF:0
BRH:0
end_of_record
TN:
SF:src/components/Form/Input/index.tsx
FN:10,Input
FNF:1
FNH:1
FNDA:5,Input
DA:11,5
LF:1
LH:1
BRDA:10,0,0,4
BRF:1
BRH:1
end_of_record
TN:
SF:src/components/Form/InputForm/index.tsx
FN:15,InputForm
FN:21,(anonymous_1)
FNF:2
FNH:2
FNDA:4,InputForm
FNDA:4,(anonymous_1)
DA:16,4
DA:22,4
LF:2
LH:2
BRDA:25,0,0,4
BRDA:25,0,1,0
BRF:2
BRH:1
end_of_record
TN:
SF:src/components/Form/TransactionTypeButton/index.tsx
FN:17,TransactionTypeButton
FNF:1
FNH:1
FNDA:4,TransactionTypeButton
DA:12,1
DA:18,4
LF:2
LH:2
BRF:0
BRH:0
end_of_record
TN:
SF:src/components/HighlightCard/index.tsx
FN:26,HighlightCard
FNF:1
FNH:0
FNDA:0,HighlightCard
DA:20,0
DA:32,0
LF:2
LH:0
BRF:0
BRH:0
end_of_record
TN:
SF:src/components/HistoryCard/index.tsx
FN:11,HistoryCard
FNF:1
FNH:0
FNDA:0,HistoryCard
DA:12,0
LF:1
LH:0
BRF:0
BRH:0
end_of_record
TN:
SF:src/components/SignInSocialButton/index.tsx
FN:12,SignInSocialButton
FNF:1
FNH:0
FNDA:0,SignInSocialButton
DA:13,0
LF:1
LH:0
BRF:0
BRH:0
end_of_record
TN:
SF:src/components/TransactionCard/index.tsx
FN:28,TransactionCard
FN:29,(anonymous_1)
FNF:2
FNH:0
FNDA:0,TransactionCard
FNDA:0,(anonymous_1)
DA:29,0
DA:31,0
LF:2
LH:0
BRDA:36,0,0,0
BRDA:36,0,1,0
BRF:2
BRH:0
end_of_record
TN:
SF:src/hooks/auth.tsx
FN:44,AuthProvider
FN:50,(anonymous_1)
FN:51,loadUserStorageDate
FN:65,signInWithGoogle
FN:98,signInWithApple
FN:125,signOut
FN:145,useAuth
FNF:7
FNH:5
FNDA:8,AuthProvider
FNDA:3,(anonymous_1)
FNDA:3,loadUserStorageDate
FNDA:3,signInWithGoogle
FNDA:0,signInWithApple
FNDA:0,signOut
FNDA:10,useAuth
DA:13,2
DA:14,2
DA:42,2
DA:45,8
DA:46,8
DA:48,8
DA:50,8
DA:52,3
DA:54,3
DA:55,0
DA:56,0
DA:59,3
DA:62,3
DA:66,3
DA:67,3
DA:68,3
DA:70,3
DA:72,3
DA:76,3
DA:77,3
DA:81,3
DA:83,2
DA:90,2
DA:91,2
DA:94,1
DA:99,0
DA:100,0
DA:107,0
DA:108,0
DA:110,0
DA:117,0
DA:118,0
DA:121,0
DA:126,0
DA:127,0
DA:130,8
DA:146,10
LF:37
LH:25
BRDA:54,0,0,0
BRDA:54,0,1,3
BRDA:76,1,0,3
BRDA:76,1,1,0
BRDA:107,2,0,0
BRDA:107,2,1,0
BRF:6
BRH:2
end_of_record
TN:
SF:src/routes/app.routes.tsx
FN:13,AppRoutes
FN:31,(anonymous_1)
FN:44,(anonymous_2)
FN:53,(anonymous_3)
FNF:4
FNH:0
FNDA:0,AppRoutes
FNDA:0,(anonymous_1)
FNDA:0,(anonymous_2)
FNDA:0,(anonymous_3)
DA:11,0
DA:14,0
DA:16,0
DA:32,0
DA:45,0
DA:54,0
LF:6
LH:0
BRDA:23,0,0,0
BRDA:23,0,1,0
BRF:2
BRH:0
end_of_record
TN:
SF:src/routes/auth.routes.tsx
FN:8,AuthRoutes
FNF:1
FNH:0
FNDA:0,AuthRoutes
DA:6,0
DA:9,0
LF:2
LH:0
BRF:0
BRH:0
end_of_record
TN:
SF:src/routes/index.tsx
FN:9,Routes
FNF:1
FNH:0
FNDA:0,Routes
DA:10,0
DA:12,0
LF:2
LH:0
BRDA:14,0,0,0
BRDA:14,0,1,0
BRF:2
BRH:0
end_of_record
TN:
SF:src/screens/CategorySelect/index.tsx
FN:29,CategorySelect
FN:30,handleCategorySelect
FN:43,(anonymous_2)
FN:44,(anonymous_3)
FN:46,(anonymous_4)
FN:53,(anonymous_5)
FNF:6
FNH:4
FNDA:2,CategorySelect
FNDA:0,handleCategorySelect
FNDA:12,(anonymous_2)
FNDA:12,(anonymous_3)
FNDA:0,(anonymous_4)
FNDA:10,(anonymous_5)
DA:31,0
DA:34,2
DA:43,12
DA:45,12
DA:46,0
DA:53,10
LF:6
LH:4
BRF:0
BRH:0
end_of_record
TN:
SF:src/screens/Dashboard/index.tsx
FN:48,Dashboard
FN:58,getLastTransactionDate
FN:63,(anonymous_2)
FN:73,(anonymous_3)
FN:85,loadTransactions
FN:94,(anonymous_5)
FN:178,(anonymous_6)
FN:183,(anonymous_7)
FN:241,(anonymous_8)
FN:242,(anonymous_9)
FNF:10
FNH:0
FNDA:0,Dashboard
FNDA:0,getLastTransactionDate
FNDA:0,(anonymous_2)
FNDA:0,(anonymous_3)
FNDA:0,loadTransactions
FNDA:0,(anonymous_5)
FNDA:0,(anonymous_6)
FNDA:0,(anonymous_7)
FNDA:0,(anonymous_8)
FNDA:0,(anonymous_9)
DA:49,0
DA:50,0
DA:51,0
DA:55,0
DA:56,0
DA:62,0
DA:63,0
DA:66,0
DA:67,0
DA:70,0
DA:74,0
DA:79,0
DA:86,0
DA:87,0
DA:88,0
DA:90,0
DA:91,0
DA:93,0
DA:95,0
DA:96,0
DA:98,0
DA:101,0
DA:106,0
DA:112,0
DA:123,0
DA:125,0
DA:129,0
DA:134,0
DA:137,0
DA:145,0
DA:175,0
DA:178,0
DA:179,0
DA:182,0
DA:184,0
DA:188,0
DA:241,0
DA:242,0
LF:38
LH:0
BRDA:66,0,0,0
BRDA:66,0,1,0
BRDA:88,1,0,0
BRDA:88,1,1,0
BRDA:95,2,0,0
BRDA:95,2,1,0
BRDA:137,3,0,0
BRDA:137,3,1,0
BRDA:140,4,0,0
BRDA:140,4,1,0
BRDA:152,5,0,0
BRDA:152,5,1,0
BRDA:162,6,0,0
BRDA:162,6,1,0
BRDA:190,7,0,0
BRDA:190,7,1,0
BRF:16
BRH:0
end_of_record
TN:
SF:src/screens/Profile/index.tsx
FN:4,Profile
FN:22,(anonymous_1)
FNF:2
FNH:1
FNDA:3,Profile
FNDA:0,(anonymous_1)
DA:5,3
LF:1
LH:1
BRF:0
BRH:0
end_of_record
TN:
SF:src/screens/Register/index.tsx
FN:41,Register
FN:62,handleTransactionTypeSelect
FN:66,handleOpenSelectCategoryModal
FN:70,handleCloseSelectCategoryModal
FN:74,handleRegister
FN:145,(anonymous_5)
FN:151,(anonymous_6)
FNF:7
FNH:2
FNDA:2,Register
FNDA:0,handleTransactionTypeSelect
FNDA:1,handleOpenSelectCategoryModal
FNDA:0,handleCloseSelectCategoryModal
FNDA:0,handleRegister
FNDA:0,(anonymous_5)
FNDA:0,(anonymous_6)
DA:32,1
DA:42,2
DA:43,2
DA:44,2
DA:46,2
DA:48,2
DA:58,2
DA:63,0
DA:67,1
DA:71,0
DA:75,0
DA:76,0
DA:79,0
DA:80,0
DA:83,0
DA:92,0
DA:93,0
DA:94,0
DA:95,0
DA:96,0
DA:101,0
DA:102,0
DA:103,0
DA:108,0
DA:110,0
DA:111,0
DA:115,2
DA:145,0
DA:151,0
LF:29
LH:9
BRDA:75,0,0,0
BRDA:75,0,1,0
BRDA:79,1,0,0
BRDA:79,1,1,0
BRDA:95,2,0,0
BRDA:95,2,1,0
BRF:6
BRH:0
end_of_record
TN:
SF:src/screens/Resume/index.tsx
FN:49,Resume
FN:59,handleDateChange
FN:67,loadData
FN:74,(anonymous_3)
FN:80,(anonymous_4)
FN:87,(anonymous_5)
FN:90,(anonymous_6)
FN:122,(anonymous_7)
FN:146,(anonymous_8)
FN:154,(anonymous_9)
FN:167,(anonymous_10)
FN:181,(anonymous_11)
FNF:12
FNH:0
FNDA:0,Resume
FNDA:0,handleDateChange
FNDA:0,loadData
FNDA:0,(anonymous_3)
FNDA:0,(anonymous_4)
FNDA:0,(anonymous_5)
FNDA:0,(anonymous_6)
FNDA:0,(anonymous_7)
FNDA:0,(anonymous_8)
FNDA:0,(anonymous_9)
FNDA:0,(anonymous_10)
FNDA:0,(anonymous_11)
DA:50,0
DA:51,0
DA:52,0
DA:56,0
DA:57,0
DA:60,0
DA:61,0
DA:63,0
DA:68,0
DA:69,0
DA:70,0
DA:71,0
DA:73,0
DA:75,0
DA:79,0
DA:81,0
DA:85,0
DA:87,0
DA:88,0
DA:90,0
DA:91,0
DA:92,0
DA:96,0
DA:97,0
DA:102,0
DA:106,0
DA:117,0
DA:118,0
DA:121,0
DA:123,0
DA:127,0
DA:146,0
DA:154,0
DA:167,0
DA:182,0
LF:35
LH:0
BRDA:60,0,0,0
BRDA:60,0,1,0
BRDA:71,1,0,0
BRDA:71,1,1,0
BRDA:75,2,0,0
BRDA:75,2,1,0
BRDA:91,3,0,0
BRDA:91,3,1,0
BRDA:96,4,0,0
BRDA:96,4,1,0
BRDA:133,5,0,0
BRDA:133,5,1,0
BRDA:160,6,0,0
BRDA:160,6,1,0
BRF:14
BRH:0
end_of_record
TN:
SF:src/screens/SignIn/index.tsx
FN:24,SignIn
FN:30,handleSignInWithGoogle
FN:33,(anonymous_2)
FN:41,handleSignInWithApple
FN:44,(anonymous_4)
FNF:5
FNH:0
FNDA:0,SignIn
FNDA:0,handleSignInWithGoogle
FNDA:0,(anonymous_2)
FNDA:0,handleSignInWithApple
FNDA:0,(anonymous_4)
DA:25,0
DA:26,0
DA:28,0
DA:31,0
DA:32,0
DA:33,0
DA:35,0
DA:36,0
DA:37,0
DA:42,0
DA:43,0
DA:44,0
DA:46,0
DA:47,0
DA:48,0
DA:52,0
LF:16
LH:0
BRDA:75,0,0,0
BRDA:75,0,1,0
BRDA:84,1,0,0
BRDA:84,1,1,0
BRF:4
BRH:0
end_of_record
